<?xml version="1.0" encoding="UTF-8"?>
<!-- Generated by org.testng.reporters.JUnitXMLReporter -->
<testsuite hostname="Anwesha" ignored="0" name="Default test" tests="2" failures="2" timestamp="12 May 2023 22:07:49 GMT" time="1.456" errors="0">
  <testcase name="runScenario" time="0.299" classname="io.cucumber.testng.AbstractTestNGCucumberTests">
    <failure type="java.lang.NullPointerException">
      <![CDATA[java.lang.NullPointerException
at StepDefinition.HomePage_SD.user_is_on_home_page_of_application(HomePage_SD.java:15)
at ✽.user is on home page of application(file:///C:/Users/User/NewWorkspace/BDD_TestNG/src/test/resources/features/UserRegistation.feature:30)
]]>
    </failure>
  </testcase> <!-- runScenario -->
  <testcase name="runScenario" time="0.017" classname="io.cucumber.testng.AbstractTestNGCucumberTests">
    <failure type="java.lang.NullPointerException">
      <![CDATA[java.lang.NullPointerException
at StepDefinition.HomePage_SD.user_is_on_home_page_of_application(HomePage_SD.java:15)
at ✽.user is on home page of application(file:///C:/Users/User/NewWorkspace/BDD_TestNG/src/test/resources/features/UserRegistation.feature:35)
]]>
    </failure>
  </testcase> <!-- runScenario -->
</testsuite> <!-- Default test -->
